<?xml version="1.0" encoding="UTF-8"?>
<coverage generated="1623006977556" clover="3.2.0">
  <project timestamp="1623006977556" name="All files">
    <metrics statements="49" coveredstatements="43" conditionals="6" coveredconditionals="4" methods="30" coveredmethods="26" elements="85" coveredelements="73" complexity="0" loc="49" ncloc="49" packages="6" files="8" classes="8"/>
    <package name="src">
      <metrics statements="2" coveredstatements="2" conditionals="0" coveredconditionals="0" methods="0" coveredmethods="0"/>
      <file name="App.vue" path="C:\Users\vineei\Documents\Vue\pratice\TVShowProject\src\App.vue">
        <metrics statements="2" coveredstatements="2" conditionals="0" coveredconditionals="0" methods="0" coveredmethods="0"/>
        <line num="10" count="1" type="stmt"/>
        <line num="11" count="1" type="stmt"/>
      </file>
    </package>
    <package name="src.components">
      <metrics statements="4" coveredstatements="4" conditionals="2" coveredconditionals="1" methods="2" coveredmethods="2"/>
      <file name="Header.vue" path="C:\Users\vineei\Documents\Vue\pratice\TVShowProject\src\components\Header.vue">
        <metrics statements="4" coveredstatements="4" conditionals="2" coveredconditionals="1" methods="2" coveredmethods="2"/>
        <line num="32" count="2" type="stmt"/>
        <line num="38" count="1" type="cond" truecount="1" falsecount="1"/>
        <line num="39" count="1" type="stmt"/>
        <line num="41" count="1" type="stmt"/>
      </file>
    </package>
    <package name="src.plugins">
      <metrics statements="1" coveredstatements="0" conditionals="0" coveredconditionals="0" methods="0" coveredmethods="0"/>
      <file name="bootstrap-vue.js" path="C:\Users\vineei\Documents\Vue\pratice\TVShowProject\src\plugins\bootstrap-vue.js">
        <metrics statements="1" coveredstatements="0" conditionals="0" coveredconditionals="0" methods="0" coveredmethods="0"/>
        <line num="7" count="0" type="stmt"/>
      </file>
    </package>
    <package name="src.router">
      <metrics statements="3" coveredstatements="3" conditionals="0" coveredconditionals="0" methods="0" coveredmethods="0"/>
      <file name="index.js" path="C:\Users\vineei\Documents\Vue\pratice\TVShowProject\src\router\index.js">
        <metrics statements="3" coveredstatements="3" conditionals="0" coveredconditionals="0" methods="0" coveredmethods="0"/>
        <line num="8" count="1" type="stmt"/>
        <line num="10" count="1" type="stmt"/>
        <line num="33" count="1" type="stmt"/>
      </file>
    </package>
    <package name="src.service">
      <metrics statements="4" coveredstatements="4" conditionals="0" coveredconditionals="0" methods="4" coveredmethods="4"/>
      <file name="Apiservice.js" path="C:\Users\vineei\Documents\Vue\pratice\TVShowProject\src\service\Apiservice.js">
        <metrics statements="4" coveredstatements="4" conditionals="0" coveredconditionals="0" methods="4" coveredmethods="4"/>
        <line num="4" count="1" type="stmt"/>
        <line num="7" count="1" type="stmt"/>
        <line num="10" count="1" type="stmt"/>
        <line num="13" count="1" type="stmt"/>
      </file>
    </package>
    <package name="src.views">
      <metrics statements="35" coveredstatements="30" conditionals="4" coveredconditionals="3" methods="24" coveredmethods="20"/>
      <file name="Home.vue" path="C:\Users\vineei\Documents\Vue\pratice\TVShowProject\src\views\Home.vue">
        <metrics statements="19" coveredstatements="16" conditionals="4" coveredconditionals="3" methods="11" coveredmethods="9"/>
        <line num="34" count="2" type="stmt"/>
        <line num="37" count="2" type="stmt"/>
        <line num="44" count="2" type="stmt"/>
        <line num="48" count="4" type="cond" truecount="1" falsecount="1"/>
        <line num="49" count="4" type="stmt"/>
        <line num="50" count="4" type="stmt"/>
        <line num="51" count="0" type="stmt"/>
        <line num="54" count="0" type="stmt"/>
        <line num="59" count="60" type="stmt"/>
        <line num="62" count="2" type="stmt"/>
        <line num="63" count="2" type="stmt"/>
        <line num="64" count="2" type="stmt"/>
        <line num="65" count="2" type="stmt"/>
        <line num="66" count="4" type="cond" truecount="2" falsecount="0"/>
        <line num="67" count="2" type="stmt"/>
        <line num="69" count="4" type="stmt"/>
        <line num="70" count="10" type="stmt"/>
        <line num="73" count="2" type="stmt"/>
        <line num="77" count="0" type="stmt"/>
      </file>
      <file name="Search.vue" path="C:\Users\vineei\Documents\Vue\pratice\TVShowProject\src\views\Search.vue">
        <metrics statements="8" coveredstatements="6" conditionals="0" coveredconditionals="0" methods="7" coveredmethods="5"/>
        <line num="16" count="2" type="stmt"/>
        <line num="20" count="2" type="stmt"/>
        <line num="26" count="2" type="stmt"/>
        <line num="30" count="2" type="stmt"/>
        <line num="34" count="2" type="stmt"/>
        <line num="36" count="2" type="stmt"/>
        <line num="40" count="0" type="stmt"/>
        <line num="48" count="0" type="stmt"/>
      </file>
      <file name="ShowDetails.vue" path="C:\Users\vineei\Documents\Vue\pratice\TVShowProject\src\views\ShowDetails.vue">
        <metrics statements="8" coveredstatements="8" conditionals="0" coveredconditionals="0" methods="6" coveredmethods="6"/>
        <line num="32" count="2" type="stmt"/>
        <line num="36" count="2" type="stmt"/>
        <line num="42" count="2" type="stmt"/>
        <line num="43" count="2" type="stmt"/>
        <line num="47" count="2" type="stmt"/>
        <line num="49" count="2" type="stmt"/>
        <line num="53" count="2" type="stmt"/>
        <line num="55" count="2" type="stmt"/>
      </file>
    </package>
  </project>
</coverage>
