{"C:\\Users\\vineei\\Documents\\Vue\\pratice\\TVShowProject\\src\\App.vue": {"path":"C:\\Users\\vineei\\Documents\\Vue\\pratice\\TVShowProject\\src\\App.vue","statementMap":{"0":{"start":{"line":10,"column":0},"end":{"line":10,"column":null}},"1":{"start":{"line":11,"column":0},"end":{"line":11,"column":null}}},"fnMap":{},"branchMap":{},"s":{"0":1,"1":1},"f":{},"b":{}}
,"C:\\Users\\vineei\\Documents\\Vue\\pratice\\TVShowProject\\src\\components\\Header.vue": {"path":"C:\\Users\\vineei\\Documents\\Vue\\pratice\\TVShowProject\\src\\components\\Header.vue","statementMap":{"0":{"start":{"line":32,"column":0},"end":{"line":32,"column":null}},"1":{"start":{"line":38,"column":0},"end":{"line":40,"column":null}},"2":{"start":{"line":39,"column":0},"end":{"line":39,"column":null}},"3":{"start":{"line":41,"column":0},"end":{"line":41,"column":null}}},"fnMap":{"0":{"name":"(anonymous_1)","decl":{"start":{"line":31,"column":0},"end":{"line":31,"column":null}},"loc":{"start":{"line":31,"column":0},"end":{"line":35,"column":null}}},"1":{"name":"(anonymous_2)","decl":{"start":{"line":37,"column":0},"end":{"line":37,"column":null}},"loc":{"start":{"line":37,"column":0},"end":{"line":42,"column":null}}}},"branchMap":{"0":{"loc":{"start":{"line":38,"column":0},"end":{"line":40,"column":null}},"type":"if","locations":[{"start":{"line":38,"column":0},"end":{"line":40,"column":null}},{"start":{"line":38,"column":0},"end":{"line":40,"column":null}}]}},"s":{"0":2,"1":1,"2":1,"3":1},"f":{"0":2,"1":1},"b":{"0":[1,0]}}
,"C:\\Users\\vineei\\Documents\\Vue\\pratice\\TVShowProject\\src\\plugins\\bootstrap-vue.js": {"path":"C:\\Users\\vineei\\Documents\\Vue\\pratice\\TVShowProject\\src\\plugins\\bootstrap-vue.js","statementMap":{"0":{"start":{"line":7,"column":0},"end":{"line":7,"column":21}}},"fnMap":{},"branchMap":{},"s":{"0":0},"f":{},"b":{},"hash":"182834cc95b43349819397b1d52bcab681093bcb"}
,"C:\\Users\\vineei\\Documents\\Vue\\pratice\\TVShowProject\\src\\router\\index.js": {"path":"C:\\Users\\vineei\\Documents\\Vue\\pratice\\TVShowProject\\src\\router\\index.js","statementMap":{"0":{"start":{"line":9,"column":0},"end":{"line":9,"column":18}},"1":{"start":{"line":11,"column":22},"end":{"line":37,"column":1}},"2":{"start":{"line":39,"column":15},"end":{"line":41,"column":2}}},"fnMap":{},"branchMap":{},"s":{"0":1,"1":1,"2":1},"f":{},"b":{},"_coverageSchema":"43e27e138ebf9cfc5966b082cf9a028302ed4184","hash":"eda79d39e0d187e6a07ca1da85e665d9eb615669"}
,"C:\\Users\\vineei\\Documents\\Vue\\pratice\\TVShowProject\\src\\service\\Apiservice.js": {"path":"C:\\Users\\vineei\\Documents\\Vue\\pratice\\TVShowProject\\src\\service\\Apiservice.js","statementMap":{"0":{"start":{"line":4,"column":4},"end":{"line":4,"column":52}},"1":{"start":{"line":7,"column":4},"end":{"line":7,"column":77}},"2":{"start":{"line":10,"column":4},"end":{"line":10,"column":63}},"3":{"start":{"line":13,"column":4},"end":{"line":13,"column":58}}},"fnMap":{"0":{"name":"getAllTvShows","decl":{"start":{"line":3,"column":16},"end":{"line":3,"column":29}},"loc":{"start":{"line":3,"column":32},"end":{"line":5,"column":3}},"line":3},"1":{"name":"getSearchShowsService","decl":{"start":{"line":6,"column":18},"end":{"line":6,"column":39}},"loc":{"start":{"line":6,"column":54},"end":{"line":8,"column":3}},"line":6},"2":{"name":"getShowCast","decl":{"start":{"line":9,"column":18},"end":{"line":9,"column":29}},"loc":{"start":{"line":9,"column":34},"end":{"line":11,"column":3}},"line":9},"3":{"name":"getShowDetails","decl":{"start":{"line":12,"column":18},"end":{"line":12,"column":32}},"loc":{"start":{"line":12,"column":37},"end":{"line":14,"column":3}},"line":12}},"branchMap":{},"s":{"0":1,"1":1,"2":1,"3":1},"f":{"0":1,"1":1,"2":1,"3":1},"b":{},"_coverageSchema":"43e27e138ebf9cfc5966b082cf9a028302ed4184","hash":"7b1a01b54ad1e54102e0198d453f8baafaf477c1"}
,"C:\\Users\\vineei\\Documents\\Vue\\pratice\\TVShowProject\\src\\views\\Home.vue": {"path":"C:\\Users\\vineei\\Documents\\Vue\\pratice\\TVShowProject\\src\\views\\Home.vue","statementMap":{"0":{"start":{"line":7,"column":0},"end":{"line":7,"column":null}}},"fnMap":{},"branchMap":{},"s":{"0":1},"f":{},"b":{}}
,"C:\\Users\\vineei\\Documents\\Vue\\pratice\\TVShowProject\\src\\views\\Search.vue": {"path":"C:\\Users\\vineei\\Documents\\Vue\\pratice\\TVShowProject\\src\\views\\Search.vue","statementMap":{"0":{"start":{"line":16,"column":0},"end":{"line":16,"column":null}},"1":{"start":{"line":20,"column":0},"end":{"line":20,"column":null}},"2":{"start":{"line":26,"column":0},"end":{"line":26,"column":null}},"3":{"start":{"line":30,"column":0},"end":{"line":30,"column":null}},"4":{"start":{"line":34,"column":0},"end":{"line":37,"column":null}},"5":{"start":{"line":36,"column":0},"end":{"line":36,"column":null}},"6":{"start":{"line":40,"column":0},"end":{"line":40,"column":null}},"7":{"start":{"line":48,"column":0},"end":{"line":48,"column":null}}},"fnMap":{"0":{"name":"(anonymous_1)","decl":{"start":{"line":19,"column":0},"end":{"line":19,"column":null}},"loc":{"start":{"line":19,"column":0},"end":{"line":23,"column":null}}},"1":{"name":"(anonymous_2)","decl":{"start":{"line":25,"column":0},"end":{"line":25,"column":null}},"loc":{"start":{"line":25,"column":0},"end":{"line":27,"column":null}}},"2":{"name":"(anonymous_3)","decl":{"start":{"line":29,"column":0},"end":{"line":29,"column":null}},"loc":{"start":{"line":29,"column":0},"end":{"line":31,"column":null}}},"3":{"name":"(anonymous_4)","decl":{"start":{"line":33,"column":0},"end":{"line":33,"column":null}},"loc":{"start":{"line":33,"column":0},"end":{"line":38,"column":null}}},"4":{"name":"(anonymous_5)","decl":{"start":{"line":34,"column":0},"end":{"line":34,"column":null}},"loc":{"start":{"line":34,"column":0},"end":{"line":37,"column":null}}},"5":{"name":"(anonymous_6)","decl":{"start":{"line":39,"column":0},"end":{"line":39,"column":null}},"loc":{"start":{"line":39,"column":0},"end":{"line":44,"column":null}}},"6":{"name":"(anonymous_7)","decl":{"start":{"line":47,"column":0},"end":{"line":47,"column":null}},"loc":{"start":{"line":47,"column":0},"end":{"line":49,"column":null}}}},"branchMap":{},"s":{"0":2,"1":2,"2":2,"3":2,"4":2,"5":2,"6":0,"7":0},"f":{"0":2,"1":2,"2":2,"3":2,"4":2,"5":0,"6":0},"b":{}}
,"C:\\Users\\vineei\\Documents\\Vue\\pratice\\TVShowProject\\src\\views\\ShowDetails.vue": {"path":"C:\\Users\\vineei\\Documents\\Vue\\pratice\\TVShowProject\\src\\views\\ShowDetails.vue","statementMap":{"0":{"start":{"line":32,"column":0},"end":{"line":32,"column":null}},"1":{"start":{"line":36,"column":0},"end":{"line":36,"column":null}},"2":{"start":{"line":42,"column":0},"end":{"line":42,"column":null}},"3":{"start":{"line":43,"column":0},"end":{"line":43,"column":null}},"4":{"start":{"line":47,"column":0},"end":{"line":50,"column":null}},"5":{"start":{"line":49,"column":0},"end":{"line":49,"column":null}},"6":{"start":{"line":53,"column":0},"end":{"line":56,"column":null}},"7":{"start":{"line":55,"column":0},"end":{"line":55,"column":null}}},"fnMap":{"0":{"name":"(anonymous_1)","decl":{"start":{"line":35,"column":0},"end":{"line":35,"column":null}},"loc":{"start":{"line":35,"column":0},"end":{"line":40,"column":null}}},"1":{"name":"(anonymous_2)","decl":{"start":{"line":41,"column":0},"end":{"line":41,"column":null}},"loc":{"start":{"line":41,"column":0},"end":{"line":44,"column":null}}},"2":{"name":"(anonymous_3)","decl":{"start":{"line":46,"column":0},"end":{"line":46,"column":null}},"loc":{"start":{"line":46,"column":0},"end":{"line":51,"column":null}}},"3":{"name":"(anonymous_4)","decl":{"start":{"line":47,"column":0},"end":{"line":47,"column":null}},"loc":{"start":{"line":47,"column":0},"end":{"line":50,"column":null}}},"4":{"name":"(anonymous_5)","decl":{"start":{"line":52,"column":0},"end":{"line":52,"column":null}},"loc":{"start":{"line":52,"column":0},"end":{"line":57,"column":null}}},"5":{"name":"(anonymous_6)","decl":{"start":{"line":53,"column":0},"end":{"line":53,"column":null}},"loc":{"start":{"line":53,"column":0},"end":{"line":56,"column":null}}}},"branchMap":{},"s":{"0":2,"1":2,"2":2,"3":2,"4":2,"5":2,"6":2,"7":2},"f":{"0":2,"1":2,"2":2,"3":2,"4":2,"5":2},"b":{}}
,"C:\\Users\\vineei\\Documents\\Vue\\pratice\\TVShowProject\\src\\views\\Shows.vue": {"path":"C:\\Users\\vineei\\Documents\\Vue\\pratice\\TVShowProject\\src\\views\\Shows.vue","statementMap":{"0":{"start":{"line":34,"column":0},"end":{"line":34,"column":null}},"1":{"start":{"line":37,"column":0},"end":{"line":37,"column":null}},"2":{"start":{"line":44,"column":0},"end":{"line":44,"column":null}},"3":{"start":{"line":48,"column":0},"end":{"line":50,"column":null}},"4":{"start":{"line":49,"column":0},"end":{"line":49,"column":null}},"5":{"start":{"line":53,"column":0},"end":{"line":65,"column":null}},"6":{"start":{"line":54,"column":0},"end":{"line":54,"column":null}},"7":{"start":{"line":55,"column":0},"end":{"line":55,"column":null}},"8":{"start":{"line":56,"column":0},"end":{"line":63,"column":null}},"9":{"start":{"line":57,"column":0},"end":{"line":59,"column":null}},"10":{"start":{"line":58,"column":0},"end":{"line":58,"column":null}},"11":{"start":{"line":60,"column":0},"end":{"line":62,"column":null}},"12":{"start":{"line":61,"column":0},"end":{"line":61,"column":null}},"13":{"start":{"line":64,"column":0},"end":{"line":64,"column":null}},"14":{"start":{"line":68,"column":0},"end":{"line":68,"column":null}}},"fnMap":{"0":{"name":"(anonymous_1)","decl":{"start":{"line":36,"column":0},"end":{"line":36,"column":null}},"loc":{"start":{"line":36,"column":0},"end":{"line":42,"column":null}}},"1":{"name":"(anonymous_2)","decl":{"start":{"line":43,"column":0},"end":{"line":43,"column":null}},"loc":{"start":{"line":43,"column":0},"end":{"line":45,"column":null}}},"2":{"name":"(anonymous_3)","decl":{"start":{"line":47,"column":0},"end":{"line":47,"column":null}},"loc":{"start":{"line":47,"column":0},"end":{"line":51,"column":null}}},"3":{"name":"(anonymous_4)","decl":{"start":{"line":48,"column":0},"end":{"line":48,"column":null}},"loc":{"start":{"line":48,"column":0},"end":{"line":50,"column":null}}},"4":{"name":"(anonymous_5)","decl":{"start":{"line":52,"column":0},"end":{"line":52,"column":null}},"loc":{"start":{"line":52,"column":0},"end":{"line":66,"column":null}}},"5":{"name":"(anonymous_6)","decl":{"start":{"line":53,"column":0},"end":{"line":53,"column":null}},"loc":{"start":{"line":53,"column":0},"end":{"line":65,"column":null}}},"6":{"name":"(anonymous_7)","decl":{"start":{"line":56,"column":0},"end":{"line":56,"column":null}},"loc":{"start":{"line":56,"column":0},"end":{"line":63,"column":null}}},"7":{"name":"(anonymous_8)","decl":{"start":{"line":60,"column":0},"end":{"line":60,"column":null}},"loc":{"start":{"line":60,"column":0},"end":{"line":62,"column":null}}},"8":{"name":"(anonymous_9)","decl":{"start":{"line":67,"column":0},"end":{"line":67,"column":null}},"loc":{"start":{"line":67,"column":0},"end":{"line":72,"column":null}}}},"branchMap":{"0":{"loc":{"start":{"line":57,"column":0},"end":{"line":59,"column":null}},"type":"if","locations":[{"start":{"line":57,"column":0},"end":{"line":59,"column":null}},{"start":{"line":57,"column":0},"end":{"line":59,"column":null}}]}},"s":{"0":2,"1":2,"2":2,"3":10,"4":20,"5":2,"6":2,"7":2,"8":2,"9":4,"10":2,"11":4,"12":10,"13":2,"14":0},"f":{"0":2,"1":2,"2":10,"3":20,"4":2,"5":2,"6":4,"7":10,"8":0},"b":{"0":[2,2]}}
}
