TN:
SF:C:\Users\vineei\Documents\Vue\pratice\TVShowProject\src\App.vue
FNF:0
FNH:0
DA:10,1
DA:11,1
LF:2
LH:2
BRF:0
BRH:0
end_of_record
TN:
SF:C:\Users\vineei\Documents\Vue\pratice\TVShowProject\src\components\Header.vue
FN:31,(anonymous_1)
FN:37,(anonymous_2)
FNF:2
FNH:2
FNDA:2,(anonymous_1)
FNDA:1,(anonymous_2)
DA:32,2
DA:38,1
DA:39,1
DA:41,1
LF:4
LH:4
BRDA:38,0,0,1
BRDA:38,0,1,0
BRF:2
BRH:1
end_of_record
TN:
SF:C:\Users\vineei\Documents\Vue\pratice\TVShowProject\src\plugins\bootstrap-vue.js
FNF:0
FNH:0
DA:7,0
LF:1
LH:0
BRF:0
BRH:0
end_of_record
TN:
SF:C:\Users\vineei\Documents\Vue\pratice\TVShowProject\src\router\index.js
FNF:0
FNH:0
DA:9,1
DA:11,1
DA:39,1
LF:3
LH:3
BRF:0
BRH:0
end_of_record
TN:
SF:C:\Users\vineei\Documents\Vue\pratice\TVShowProject\src\service\Apiservice.js
FN:3,getAllTvShows
FN:6,getSearchShowsService
FN:9,getShowCast
FN:12,getShowDetails
FNF:4
FNH:4
FNDA:1,getAllTvShows
FNDA:1,getSearchShowsService
FNDA:1,getShowCast
FNDA:1,getShowDetails
DA:4,1
DA:7,1
DA:10,1
DA:13,1
LF:4
LH:4
BRF:0
BRH:0
end_of_record
TN:
SF:C:\Users\vineei\Documents\Vue\pratice\TVShowProject\src\views\Home.vue
FNF:0
FNH:0
DA:7,1
LF:1
LH:1
BRF:0
BRH:0
end_of_record
TN:
SF:C:\Users\vineei\Documents\Vue\pratice\TVShowProject\src\views\Search.vue
FN:19,(anonymous_1)
FN:25,(anonymous_2)
FN:29,(anonymous_3)
FN:33,(anonymous_4)
FN:34,(anonymous_5)
FN:39,(anonymous_6)
FN:47,(anonymous_7)
FNF:7
FNH:5
FNDA:2,(anonymous_1)
FNDA:2,(anonymous_2)
FNDA:2,(anonymous_3)
FNDA:2,(anonymous_4)
FNDA:2,(anonymous_5)
FNDA:0,(anonymous_6)
FNDA:0,(anonymous_7)
DA:16,2
DA:20,2
DA:26,2
DA:30,2
DA:34,2
DA:36,2
DA:40,0
DA:48,0
LF:8
LH:6
BRF:0
BRH:0
end_of_record
TN:
SF:C:\Users\vineei\Documents\Vue\pratice\TVShowProject\src\views\ShowDetails.vue
FN:35,(anonymous_1)
FN:41,(anonymous_2)
FN:46,(anonymous_3)
FN:47,(anonymous_4)
FN:52,(anonymous_5)
FN:53,(anonymous_6)
FNF:6
FNH:6
FNDA:2,(anonymous_1)
FNDA:2,(anonymous_2)
FNDA:2,(anonymous_3)
FNDA:2,(anonymous_4)
FNDA:2,(anonymous_5)
FNDA:2,(anonymous_6)
DA:32,2
DA:36,2
DA:42,2
DA:43,2
DA:47,2
DA:49,2
DA:53,2
DA:55,2
LF:8
LH:8
BRF:0
BRH:0
end_of_record
TN:
SF:C:\Users\vineei\Documents\Vue\pratice\TVShowProject\src\views\Shows.vue
FN:36,(anonymous_1)
FN:43,(anonymous_2)
FN:47,(anonymous_3)
FN:48,(anonymous_4)
FN:52,(anonymous_5)
FN:53,(anonymous_6)
FN:56,(anonymous_7)
FN:60,(anonymous_8)
FN:67,(anonymous_9)
FNF:9
FNH:8
FNDA:2,(anonymous_1)
FNDA:2,(anonymous_2)
FNDA:10,(anonymous_3)
FNDA:20,(anonymous_4)
FNDA:2,(anonymous_5)
FNDA:2,(anonymous_6)
FNDA:4,(anonymous_7)
FNDA:10,(anonymous_8)
FNDA:0,(anonymous_9)
DA:34,2
DA:37,2
DA:44,2
DA:48,10
DA:49,20
DA:53,2
DA:54,2
DA:55,2
DA:56,2
DA:57,4
DA:58,2
DA:60,4
DA:61,10
DA:64,2
DA:68,0
LF:15
LH:14
BRDA:57,0,0,2
BRDA:57,0,1,2
BRF:2
BRH:2
end_of_record
