TN:
SF:C:\Users\vineei\Documents\Vue\pratice\TVShowProject\src\App.vue
FNF:0
FNH:0
DA:10,1
DA:11,1
LF:2
LH:2
BRF:0
BRH:0
end_of_record
TN:
SF:C:\Users\vineei\Documents\Vue\pratice\TVShowProject\src\components\Header.vue
FN:31,(anonymous_1)
FN:37,(anonymous_2)
FNF:2
FNH:2
FNDA:2,(anonymous_1)
FNDA:1,(anonymous_2)
DA:32,2
DA:38,1
DA:39,1
DA:41,1
LF:4
LH:4
BRDA:38,0,0,1
BRDA:38,0,1,0
BRF:2
BRH:1
end_of_record
TN:
SF:C:\Users\vineei\Documents\Vue\pratice\TVShowProject\src\plugins\bootstrap-vue.js
FNF:0
FNH:0
DA:7,0
LF:1
LH:0
BRF:0
BRH:0
end_of_record
TN:
SF:C:\Users\vineei\Documents\Vue\pratice\TVShowProject\src\router\index.js
FNF:0
FNH:0
DA:9,2
DA:11,2
DA:39,2
LF:3
LH:3
BRF:0
BRH:0
end_of_record
TN:
SF:C:\Users\vineei\Documents\Vue\pratice\TVShowProject\src\service\Apiservice.js
FN:3,getAllTvShows
FN:6,getSearchShowsService
FN:9,getShowCast
FN:12,getShowDetails
FNF:4
FNH:0
FNDA:0,getAllTvShows
FNDA:0,getSearchShowsService
FNDA:0,getShowCast
FNDA:0,getShowDetails
DA:4,0
DA:7,0
DA:10,0
DA:13,0
LF:4
LH:0
BRF:0
BRH:0
end_of_record
TN:
SF:C:\Users\vineei\Documents\Vue\pratice\TVShowProject\src\views\Home.vue
FNF:0
FNH:0
DA:7,2
LF:1
LH:1
BRF:0
BRH:0
end_of_record
TN:
SF:C:\Users\vineei\Documents\Vue\pratice\TVShowProject\src\views\Search.vue
FN:19,(anonymous_1)
FN:25,(anonymous_2)
FN:29,(anonymous_3)
FN:33,(anonymous_4)
FN:34,(anonymous_5)
FN:39,(anonymous_6)
FN:47,(anonymous_7)
FNF:7
FNH:0
FNDA:0,(anonymous_1)
FNDA:0,(anonymous_2)
FNDA:0,(anonymous_3)
FNDA:0,(anonymous_4)
FNDA:0,(anonymous_5)
FNDA:0,(anonymous_6)
FNDA:0,(anonymous_7)
DA:16,2
DA:20,0
DA:26,0
DA:30,0
DA:34,0
DA:36,0
DA:40,0
DA:48,0
LF:8
LH:1
BRF:0
BRH:0
end_of_record
TN:
SF:C:\Users\vineei\Documents\Vue\pratice\TVShowProject\src\views\ShowDetails.vue
FN:35,(anonymous_1)
FN:42,(anonymous_2)
FN:47,(anonymous_3)
FN:48,(anonymous_4)
FN:53,(anonymous_5)
FN:54,(anonymous_6)
FNF:6
FNH:0
FNDA:0,(anonymous_1)
FNDA:0,(anonymous_2)
FNDA:0,(anonymous_3)
FNDA:0,(anonymous_4)
FNDA:0,(anonymous_5)
FNDA:0,(anonymous_6)
DA:32,2
DA:36,0
DA:43,0
DA:44,0
DA:48,0
DA:50,0
DA:54,0
DA:56,0
LF:8
LH:1
BRF:0
BRH:0
end_of_record
TN:
SF:C:\Users\vineei\Documents\Vue\pratice\TVShowProject\src\views\Shows.vue
FN:36,(anonymous_1)
FN:43,(anonymous_2)
FN:47,(anonymous_3)
FN:48,(anonymous_4)
FN:52,(anonymous_5)
FN:53,(anonymous_6)
FN:56,(anonymous_7)
FN:60,(anonymous_8)
FN:67,(anonymous_9)
FNF:9
FNH:0
FNDA:0,(anonymous_1)
FNDA:0,(anonymous_2)
FNDA:0,(anonymous_3)
FNDA:0,(anonymous_4)
FNDA:0,(anonymous_5)
FNDA:0,(anonymous_6)
FNDA:0,(anonymous_7)
FNDA:0,(anonymous_8)
FNDA:0,(anonymous_9)
DA:34,2
DA:37,0
DA:44,0
DA:48,0
DA:49,0
DA:53,0
DA:54,0
DA:55,0
DA:56,0
DA:57,0
DA:58,0
DA:60,0
DA:61,0
DA:64,0
DA:68,0
LF:15
LH:1
BRDA:57,0,0,0
BRDA:57,0,1,0
BRF:2
BRH:0
end_of_record
